2020-12-18T14:32:42.002152900Z [1] "/workspace"
2020-12-18T14:32:45.291492500Z -- Attaching packages --------------------------------------- tidyverse 1.3.0 --
2020-12-18T14:32:45.299453300Z v ggplot2 3.3.2     v purrr   0.3.4
2020-12-18T14:32:45.299476800Z v tibble  3.0.3     v dplyr   1.0.2
2020-12-18T14:32:45.299485000Z v tidyr   1.1.2     v stringr 1.4.0
2020-12-18T14:32:45.299492300Z v readr   1.3.1     v forcats 0.5.0
2020-12-18T14:32:45.575633500Z -- Conflicts ------------------------------------------ tidyverse_conflicts() --
2020-12-18T14:32:45.575695100Z x dplyr::filter() masks stats::filter()
2020-12-18T14:32:45.575703600Z x dplyr::lag()    masks stats::lag()
2020-12-18T14:32:45.760344700Z 
2020-12-18T14:32:45.760426600Z Attaching package: 'data.table'
2020-12-18T14:32:45.760435200Z 
2020-12-18T14:32:45.761744900Z The following objects are masked from 'package:dplyr':
2020-12-18T14:32:45.761766300Z 
2020-12-18T14:32:45.761774900Z     between, first, last
2020-12-18T14:32:45.761782100Z 
2020-12-18T14:32:45.762216600Z The following object is masked from 'package:purrr':
2020-12-18T14:32:45.762233600Z 
2020-12-18T14:32:45.762241800Z     transpose
2020-12-18T14:32:45.762248900Z 
2020-12-18T14:32:45.785601900Z 
2020-12-18T14:32:45.785620500Z Attaching package: 'janitor'
2020-12-18T14:32:45.785628900Z 
2020-12-18T14:32:45.786050600Z The following objects are masked from 'package:stats':
2020-12-18T14:32:45.786066800Z 
2020-12-18T14:32:45.786074400Z     chisq.test, fisher.test
2020-12-18T14:32:45.786081400Z 
2020-12-18T14:32:45.796692500Z 
2020-12-18T14:32:45.796709100Z Attaching package: 'lubridate'
2020-12-18T14:32:45.796716500Z 
2020-12-18T14:32:45.797246500Z The following objects are masked from 'package:data.table':
2020-12-18T14:32:45.797261200Z 
2020-12-18T14:32:45.797268700Z     hour, isoweek, mday, minute, month, quarter, second, wday, week,
2020-12-18T14:32:45.797275700Z     yday, year
2020-12-18T14:32:45.797282500Z 
2020-12-18T14:32:45.797703500Z The following objects are masked from 'package:base':
2020-12-18T14:32:45.797718600Z 
2020-12-18T14:32:45.797726100Z     date, intersect, setdiff, union
2020-12-18T14:32:45.797733000Z 
2020-12-18T14:32:53.807489600Z    Min. 1st Qu.  Median    Mean 3rd Qu.    Max. 
2020-12-18T14:32:53.807603100Z   65.00   69.00   74.00   75.12   80.00  120.00 
2020-12-18T14:33:05.048806500Z $lung_cancer
2020-12-18T14:33:05.051503300Z  newX[, i]       n     percent
2020-12-18T14:33:05.051528100Z          0 4280844 0.994539475
2020-12-18T14:33:05.051610000Z          1   23504 0.005460525
2020-12-18T14:33:05.051657400Z 
2020-12-18T14:33:05.051665700Z $haem_cancer
2020-12-18T14:33:05.052670100Z  newX[, i]       n    percent
2020-12-18T14:33:05.052689000Z          0 4244192 0.98602436
2020-12-18T14:33:05.052699400Z          1   60156 0.01397564
2020-12-18T14:33:05.052706700Z 
2020-12-18T14:33:05.052713600Z $other_cancer
2020-12-18T14:33:05.053843600Z  newX[, i]       n   percent
2020-12-18T14:33:05.053859000Z          0 3731292 0.8668658
2020-12-18T14:33:05.053866600Z          1  573056 0.1331342
2020-12-18T14:33:05.053873400Z 
2020-12-18T14:33:05.053880100Z $esrf
2020-12-18T14:33:05.055043800Z  newX[, i]       n     percent
2020-12-18T14:33:05.055061400Z          0 4294742 0.997768303
2020-12-18T14:33:05.055070100Z          1    9606 0.002231697
2020-12-18T14:33:05.055077000Z 
2020-12-18T14:33:05.055084100Z $creatinine_date
2020-12-18T14:33:05.056222700Z  newX[, i]       n   percent
2020-12-18T14:33:05.056242200Z          0 1383695 0.3214645
2020-12-18T14:33:05.056250100Z          1 2920653 0.6785355
2020-12-18T14:33:05.056257000Z 
2020-12-18T14:33:05.056263600Z $diabetes
2020-12-18T14:33:05.057411700Z  newX[, i]       n   percent
2020-12-18T14:33:05.057428900Z          0 3392827 0.7882325
2020-12-18T14:33:05.057437200Z          1  911521 0.2117675
2020-12-18T14:33:05.057444100Z 
2020-12-18T14:33:05.057450900Z $chronic_liver_disease
2020-12-18T14:33:05.058667700Z  newX[, i]       n     percent
2020-12-18T14:33:05.058684700Z          0 4268282 0.991621031
2020-12-18T14:33:05.058692500Z          1   36066 0.008378969
2020-12-18T14:33:05.058699300Z 
2020-12-18T14:33:05.058705700Z $chronic_cardiac_disease
2020-12-18T14:33:05.059876700Z  newX[, i]       n   percent
2020-12-18T14:33:05.059892400Z          0 3444702 0.8002843
2020-12-18T14:33:05.059899900Z          1  859646 0.1997157
2020-12-18T14:33:05.059906800Z 
2020-12-18T14:33:05.059913500Z $chronic_respiratory_disease
2020-12-18T14:33:05.061039700Z  newX[, i]       n  percent
2020-12-18T14:33:05.061057000Z          0 3820608 0.887616
2020-12-18T14:33:05.061065600Z          1  483740 0.112384
2020-12-18T14:33:05.061072700Z 
2020-12-18T14:33:05.061079500Z $stroke
2020-12-18T14:33:05.062200900Z  newX[, i]       n    percent
2020-12-18T14:33:05.062216600Z          0 4017695 0.93340385
2020-12-18T14:33:05.062224200Z          1  286653 0.06659615
2020-12-18T14:33:05.062245400Z 
2020-12-18T14:33:05.062253000Z $dementia
2020-12-18T14:33:05.063432600Z  newX[, i]       n    percent
2020-12-18T14:33:05.063447900Z          0 4257702 0.98916305
2020-12-18T14:33:05.063455300Z          1   46646 0.01083695
2020-12-18T14:33:05.063462200Z 
2020-12-18T14:33:12.784781700Z $ethnicity
2020-12-18T14:33:12.786349500Z  newX[, i]       n     percent valid_percent
2020-12-18T14:33:12.786368100Z          1 3066519 0.712423577   0.944592078
2020-12-18T14:33:12.786376500Z          2   11777 0.002736071   0.003627716
2020-12-18T14:33:12.786384000Z          3  109809 0.025511181   0.033824904
2020-12-18T14:33:12.786391500Z          4   32472 0.007544000   0.010002480
2020-12-18T14:33:12.786398700Z          5   25818 0.005998121   0.007952822
2020-12-18T14:33:12.786406100Z       <NA> 1057953 0.245787051            NA
2020-12-18T14:33:12.786414200Z 
2020-12-18T14:33:12.786421200Z $sex
2020-12-18T14:33:12.787485900Z  newX[, i]       n   percent
2020-12-18T14:33:12.787505500Z          F 2318733 0.5386955
2020-12-18T14:33:12.787514800Z          M 1985615 0.4613045
2020-12-18T14:33:12.787522600Z 
2020-12-18T14:33:12.787529900Z $rural_urban
2020-12-18T14:33:12.788708300Z  newX[, i]       n     percent
2020-12-18T14:33:12.788724900Z          1  655591 0.152309014
2020-12-18T14:33:12.788732800Z          2  257882 0.059911977
2020-12-18T14:33:12.788744000Z          3 2215643 0.514745323
2020-12-18T14:33:12.788751600Z          4   10787 0.002506071
2020-12-18T14:33:12.788759000Z          5  609623 0.141629580
2020-12-18T14:33:12.788766200Z          6   31791 0.007385788
2020-12-18T14:33:12.788773600Z          7  467147 0.108529097
2020-12-18T14:33:12.788780900Z          8   40779 0.009473909
2020-12-18T14:33:12.788788300Z         -1   15105 0.003509242
2020-12-18T14:33:12.788795700Z 
2020-12-18T14:33:12.788802800Z $region
2020-12-18T14:33:12.790267200Z                 newX[, i]       n      percent valid_percent
2020-12-18T14:33:12.790282300Z                      East 1014029 2.355825e-01    0.23559349
2020-12-18T14:33:12.790290300Z             East Midlands  765922 1.779415e-01    0.17794978
2020-12-18T14:33:12.790298000Z                    London  165233 3.838746e-02    0.03838926
2020-12-18T14:33:12.790305300Z                North East  196318 4.560923e-02    0.04561136
2020-12-18T14:33:12.790312900Z                North West  402456 9.349988e-02    0.09350424
2020-12-18T14:33:12.790320300Z                South East  317509 7.376471e-02    0.07376816
2020-12-18T14:33:12.790327800Z                South West  721945 1.677246e-01    0.16773242
2020-12-18T14:33:12.790367900Z             West Midlands  151870 3.528293e-02    0.03528458
2020-12-18T14:33:12.790376000Z  Yorkshire and The Humber  568865 1.321606e-01    0.13216672
2020-12-18T14:33:12.790382800Z                      <NA>     201 4.669697e-05            NA
2020-12-18T14:33:12.790390000Z 
2020-12-18T14:33:12.790396700Z $imd
2020-12-18T14:33:12.792756000Z  newX[, i]     n      percent
2020-12-18T14:33:12.792771200Z          0  3368 0.0007824646
2020-12-18T14:33:12.792778600Z         -1 15140 0.0035173736
2020-12-18T14:33:12.792785600Z        100  7072 0.0016429898
2020-12-18T14:33:12.792792500Z        200  7620 0.0017703030
2020-12-18T14:33:12.792802300Z        300  9622 0.0022354141
2020-12-18T14:33:12.792809000Z        400  7302 0.0016964242
2020-12-18T14:33:12.792815700Z        500  7036 0.0016346262
2020-12-18T14:33:12.792822300Z        600  8624 0.0020035555
2020-12-18T14:33:12.792828900Z        700  8588 0.0019951918
2020-12-18T14:33:12.792835600Z        800  8822 0.0020495555
2020-12-18T14:33:12.792842300Z        900  9505 0.0022082322
2020-12-18T14:33:12.792848900Z       1000  8744 0.0020314343
2020-12-18T14:33:12.792855500Z       1100  9689 0.0022509797
2020-12-18T14:33:12.792867800Z       1200 10182 0.0023655151
2020-12-18T14:33:12.792875200Z       1300  7589 0.0017631009
2020-12-18T14:33:12.792882000Z       1400  9458 0.0021973130
2020-12-18T14:33:12.792888700Z       1500  9820 0.0022814140
2020-12-18T14:33:12.792895300Z       1600  8426 0.0019575555
2020-12-18T14:33:12.792902000Z       1700 10051 0.0023350807
2020-12-18T14:33:12.792908600Z       1800  8490 0.0019724242
2020-12-18T14:33:12.792915300Z       1900  9893 0.0022983736
2020-12-18T14:33:12.792921900Z       2000  8955 0.0020804545
2020-12-18T14:33:12.792928600Z       2100 10169 0.0023624949
2020-12-18T14:33:12.792935200Z       2200  7848 0.0018232727
2020-12-18T14:33:12.792942000Z       2300  9668 0.0022461009
2020-12-18T14:33:12.792948800Z       2400  8426 0.0019575555
2020-12-18T14:33:12.792955700Z       2500  9748 0.0022646868
2020-12-18T14:33:12.792962300Z       2600  8636 0.0020063434
2020-12-18T14:33:12.792996100Z       2700  7958 0.0018488282
2020-12-18T14:33:12.793007400Z       2800 10333 0.0024005959
2020-12-18T14:33:12.793014100Z       2900 13051 0.0030320504
2020-12-18T14:33:12.793020800Z       3000 10160 0.0023604039
2020-12-18T14:33:12.793027500Z       3100  8843 0.0020544343
2020-12-18T14:33:12.793034200Z       3200 10772 0.0025025858
2020-12-18T14:33:12.793041000Z       3300  9871 0.0022932625
2020-12-18T14:33:12.793066800Z       3400  8642 0.0020077373
2020-12-18T14:33:12.793074800Z       3500  9484 0.0022033534
2020-12-18T14:33:12.793081500Z       3600  7973 0.0018523131
2020-12-18T14:33:12.793088500Z       3700  9015 0.0020943939
2020-12-18T14:33:12.793095300Z       3800  9425 0.0021896464
2020-12-18T14:33:12.793102200Z       3900  9806 0.0022781615
2020-12-18T14:33:12.793108800Z       4000  9341 0.0021701312
2020-12-18T14:33:12.793115600Z       4100 10264 0.0023845656
2020-12-18T14:33:12.793122300Z       4200 10494 0.0024379999
2020-12-18T14:33:12.793129200Z       4300  8875 0.0020618686
2020-12-18T14:33:12.793135900Z       4400  9056 0.0021039191
2020-12-18T14:33:12.793144200Z       4500 10276 0.0023873534
2020-12-18T14:33:12.793151200Z       4600  8722 0.0020263232
2020-12-18T14:33:12.793158100Z       4700 10536 0.0024477575
2020-12-18T14:33:12.793164800Z       4800  7423 0.0017245353
2020-12-18T14:33:12.793171700Z       4900 10302 0.0023933938
2020-12-18T14:33:12.793178400Z       5000 11063 0.0025701918
2020-12-18T14:33:12.793185300Z       5100  8653 0.0020102928
2020-12-18T14:33:12.793191900Z       5200 12349 0.0028689595
2020-12-18T14:33:12.793198800Z       5300  8532 0.0019821817
2020-12-18T14:33:12.793205400Z       5400 12487 0.0029010201
2020-12-18T14:33:12.793212300Z       5500  8540 0.0019840403
2020-12-18T14:33:12.793219300Z       5600  9021 0.0020957878
2020-12-18T14:33:12.793226000Z       5700  8466 0.0019668484
2020-12-18T14:33:12.793232800Z       5800 10913 0.0025353433
2020-12-18T14:33:12.793239500Z       5900 10871 0.0025255858
2020-12-18T14:33:12.793246300Z       6000 10948 0.0025434746
2020-12-18T14:33:12.793253100Z       6100  8680 0.0020165656
2020-12-18T14:33:12.793259900Z       6200 10081 0.0023420504
2020-12-18T14:33:12.793266800Z       6300 10622 0.0024677373
2020-12-18T14:33:12.793273400Z       6400  9926 0.0023060403
2020-12-18T14:33:12.793280100Z       6500 10284 0.0023892120
2020-12-18T14:33:12.793286700Z       6600 12446 0.0028914948
2020-12-18T14:33:12.793294500Z       6700 11442 0.0026582423
2020-12-18T14:33:12.793301400Z       6800  9237 0.0021459696
2020-12-18T14:33:12.793308100Z       6900 10246 0.0023803837
2020-12-18T14:33:12.793314700Z       7000  9783 0.0022728181
2020-12-18T14:33:12.793321300Z       7100 10418 0.0024203433
2020-12-18T14:33:12.793328000Z       7200  9993 0.0023216060
2020-12-18T14:33:12.793334700Z       7300  9131 0.0021213433
2020-12-18T14:33:12.793341300Z       7400 12014 0.0027911312
2020-12-18T14:33:12.793347900Z       7500  9170 0.0021304040
2020-12-18T14:33:12.793361400Z       7600 10088 0.0023436767
2020-12-18T14:33:12.793368700Z       7700  7344 0.0017061817
2020-12-18T14:33:12.793375400Z       7800 10987 0.0025525353
2020-12-18T14:33:12.793382000Z       7900 10967 0.0025478888
2020-12-18T14:33:12.793388600Z       8000  7765 0.0018039898
2020-12-18T14:33:12.793395200Z       8100 11057 0.0025687979
2020-12-18T14:33:12.793401900Z       8200 10002 0.0023236969
2020-12-18T14:33:12.793408500Z       8300 11462 0.0026628888
2020-12-18T14:33:12.793415100Z       8400 11340 0.0026345453
2020-12-18T14:33:12.793421800Z       8500 10539 0.0024484544
2020-12-18T14:33:12.793428500Z       8600 12154 0.0028236565
2020-12-18T14:33:12.793435100Z       8700 12079 0.0028062322
2020-12-18T14:33:12.793441700Z       8800 12020 0.0027925251
2020-12-18T14:33:12.793449800Z       8900 11361 0.0026394241
2020-12-18T14:33:12.793457000Z       9000 12287 0.0028545554
2020-12-18T14:33:12.793463600Z       9100 10726 0.0024918989
2020-12-18T14:33:12.793470300Z       9200  9763 0.0022681716
2020-12-18T14:33:12.793477100Z       9300  9462 0.0021982423
2020-12-18T14:33:12.793483700Z       9400 10434 0.0024240605
2020-12-18T14:33:12.793490500Z       9500 10319 0.0023973433
2020-12-18T14:33:12.793497100Z       9600 14705 0.0034163130
2020-12-18T14:33:12.793503800Z       9700 11528 0.0026782221
2020-12-18T14:33:12.793510500Z       9800  8473 0.0019684747
2020-12-18T14:33:12.793517200Z       9900  9962 0.0023144039
2020-12-18T14:33:12.793523800Z      10000 12002 0.0027883433
2020-12-18T14:33:12.793530900Z      10100 12887 0.0029939494
2020-12-18T14:33:12.793537700Z      10200 10638 0.0024714544
2020-12-18T14:33:12.793544700Z      10300 10617 0.0024665757
2020-12-18T14:33:12.793551300Z      10400 10048 0.0023343837
2020-12-18T14:33:12.793557900Z      10500 13144 0.0030536564
2020-12-18T14:33:12.793564600Z      10600  8914 0.0020709292
2020-12-18T14:33:12.793571200Z      10700 12455 0.0028935857
2020-12-18T14:33:12.793577700Z      10800 14472 0.0033621817
2020-12-18T14:33:12.793584400Z      10900 12930 0.0030039393
2020-12-18T14:33:12.793591000Z      11000 10730 0.0024928282
2020-12-18T14:33:12.793598800Z      11100 12718 0.0029546867
2020-12-18T14:33:12.793605600Z      11200 12115 0.0028145958
2020-12-18T14:33:12.793612400Z      11300 11646 0.0027056363
2020-12-18T14:33:12.793619000Z      11400 10732 0.0024932928
2020-12-18T14:33:12.793625800Z      11500 14941 0.0034711413
2020-12-18T14:33:12.793632500Z      11600 11983 0.0027839292
2020-12-18T14:33:12.793639100Z      11700 12158 0.0028245857
2020-12-18T14:33:12.793652700Z      11800 15398 0.0035773130
2020-12-18T14:33:12.793659900Z      11900 11625 0.0027007575
2020-12-18T14:33:12.793666900Z      12000 18040 0.0041911109
2020-12-18T14:33:12.793673600Z      12100 12047 0.0027987979
2020-12-18T14:33:12.793680500Z      12200 12661 0.0029414443
2020-12-18T14:33:12.793687200Z      12300 13162 0.0030578383
2020-12-18T14:33:12.793693800Z      12400 13830 0.0032130302
2020-12-18T14:33:12.793700400Z      12500 10153 0.0023587777
2020-12-18T14:33:12.793707200Z      12600 11943 0.0027746363
2020-12-18T14:33:12.793713900Z      12700 10929 0.0025390605
2020-12-18T14:33:12.793720600Z      12800 15232 0.0035387473
2020-12-18T14:33:12.793727300Z      12900 12312 0.0028603635
2020-12-18T14:33:12.793734100Z      13000 10590 0.0024603029
2020-12-18T14:33:12.793740800Z      13100 11735 0.0027263130
2020-12-18T14:33:12.793747500Z      13200 14285 0.0033187372
2020-12-18T14:33:12.793755500Z      13300 13016 0.0030239191
2020-12-18T14:33:12.793762400Z      13400 12194 0.0028329494
2020-12-18T14:33:12.793769300Z      13500 12704 0.0029514342
2020-12-18T14:33:12.793775900Z      13600 13064 0.0030350706
2020-12-18T14:33:12.793782600Z      13700 13030 0.0030271716
2020-12-18T14:33:12.793789200Z      13800 12903 0.0029976665
2020-12-18T14:33:12.793795900Z      13900 14156 0.0032887675
2020-12-18T14:33:12.793802400Z      14000 15591 0.0036221514
2020-12-18T14:33:12.793809000Z      14100 13686 0.0031795756
2020-12-18T14:33:12.793815600Z      14200 13915 0.0032327776
2020-12-18T14:33:12.793822300Z      14300 15700 0.0036474746
2020-12-18T14:33:12.793828900Z      14400 13604 0.0031605251
2020-12-18T14:33:12.793835500Z      14500 12996 0.0030192726
2020-12-18T14:33:12.793842100Z      14600 12865 0.0029888383
2020-12-18T14:33:12.793848800Z      14700 12179 0.0028294645
2020-12-18T14:33:12.793855300Z      14800 11229 0.0026087575
2020-12-18T14:33:12.793862000Z      14900 14769 0.0034311817
2020-12-18T14:33:12.793868600Z      15000 13746 0.0031935150
2020-12-18T14:33:12.793875200Z      15100 12252 0.0028464241
2020-12-18T14:33:12.793881800Z      15200 16001 0.0037174039
2020-12-18T14:33:12.793888400Z      15300 13728 0.0031893332
2020-12-18T14:33:12.793895000Z      15400 15378 0.0035726665
2020-12-18T14:33:12.793902800Z      15500 16898 0.0039257978
2020-12-18T14:33:12.793909800Z      15600 13770 0.0031990908
2020-12-18T14:33:12.793916700Z      15700 13854 0.0032186059
2020-12-18T14:33:12.793923300Z      15800 13659 0.0031733029
2020-12-18T14:33:12.793935900Z      15900 12443 0.0028907979
2020-12-18T14:33:12.793943400Z      16000 14281 0.0033178079
2020-12-18T14:33:12.793950000Z      16100 12461 0.0028949797
2020-12-18T14:33:12.793956800Z      16200 15943 0.0037039291
2020-12-18T14:33:12.793963500Z      16300 16814 0.0039062827
2020-12-18T14:33:12.793970200Z      16400 14177 0.0032936463
2020-12-18T14:33:12.793976800Z      16500 15696 0.0036465453
2020-12-18T14:33:12.793983600Z      16600 12317 0.0028615251
2020-12-18T14:33:12.793990200Z      16700 12312 0.0028603635
2020-12-18T14:33:12.793997000Z      16800 16646 0.0038672524
2020-12-18T14:33:12.794003700Z      16900 15286 0.0035512928
2020-12-18T14:33:12.794010500Z      17000 12903 0.0029976665
2020-12-18T14:33:12.794017000Z      17100 15919 0.0036983534
2020-12-18T14:33:12.794023600Z      17200 12544 0.0029142625
2020-12-18T14:33:12.794030300Z      17300 18044 0.0041920402
2020-12-18T14:33:12.794036900Z      17400 18254 0.0042408281
2020-12-18T14:33:12.794043600Z      17500 15639 0.0036333029
2020-12-18T14:33:12.794051400Z      17600 15680 0.0036428281
2020-12-18T14:33:12.794058200Z      17700 13318 0.0030940807
2020-12-18T14:33:12.794065000Z      17800 13997 0.0032518282
2020-12-18T14:33:12.794071600Z      17900 16382 0.0038059190
2020-12-18T14:33:12.794078200Z      18000 16244 0.0037738584
2020-12-18T14:33:12.794084900Z      18100 16243 0.0037736261
2020-12-18T14:33:12.794091500Z      18200 14480 0.0033640403
2020-12-18T14:33:12.794098200Z      18300 15934 0.0037018382
2020-12-18T14:33:12.794104800Z      18400 14992 0.0034829898
2020-12-18T14:33:12.794111400Z      18500 18251 0.0042401311
2020-12-18T14:33:12.794118000Z      18600 18369 0.0042675453
2020-12-18T14:33:12.794124700Z      18700 13280 0.0030852524
2020-12-18T14:33:12.794131300Z      18800 19328 0.0044903433
2020-12-18T14:33:12.794137900Z      18900 16607 0.0038581918
2020-12-18T14:33:12.794144600Z      19000 14488 0.0033658989
2020-12-18T14:33:12.794151300Z      19100 15279 0.0035496665
2020-12-18T14:33:12.794157900Z      19200 14139 0.0032848180
2020-12-18T14:33:12.794164500Z      19300 12965 0.0030120706
2020-12-18T14:33:12.794171100Z      19400 18088 0.0042022625
2020-12-18T14:33:12.794177900Z      19500 17071 0.0039659897
2020-12-18T14:33:12.794184700Z      19600 14377 0.0033401110
2020-12-18T14:33:12.794191300Z      19700 15863 0.0036853433
2020-12-18T14:33:12.794199200Z      19800 14862 0.0034527877
2020-12-18T14:33:12.794206100Z      19900 13448 0.0031242827
2020-12-18T14:33:12.794212800Z      20000 14983 0.0034808988
2020-12-18T14:33:12.794225400Z      20100 16088 0.0037376160
2020-12-18T14:33:12.794232600Z      20200 14675 0.0034093433
2020-12-18T14:33:12.794239300Z      20300 17206 0.0039973534
2020-12-18T14:33:12.794246100Z      20400 14155 0.0032885352
2020-12-18T14:33:12.794252700Z      20500 16277 0.0037815251
2020-12-18T14:33:12.794259500Z      20600 14662 0.0034063231
2020-12-18T14:33:12.794266100Z      20700 14260 0.0033129292
2020-12-18T14:33:12.794273000Z      20800 16320 0.0037915150
2020-12-18T14:33:12.794279600Z      20900 14150 0.0032873736
2020-12-18T14:33:12.794286400Z      21000 15550 0.0036126261
2020-12-18T14:33:12.794293000Z      21100 15253 0.0035436261
2020-12-18T14:33:12.794299800Z      21200 13790 0.0032037372
2020-12-18T14:33:12.794306400Z      21300 15853 0.0036830201
2020-12-18T14:33:12.794313200Z      21400 17001 0.0039497271
2020-12-18T14:33:12.794319700Z      21500 15917 0.0036978887
2020-12-18T14:33:12.794326500Z      21600 10805 0.0025102524
2020-12-18T14:33:12.794333200Z      21700 17004 0.0039504241
2020-12-18T14:33:12.794340000Z      21800 16009 0.0037192625
2020-12-18T14:33:12.794347800Z      21900 13681 0.0031784140
2020-12-18T14:33:12.794354900Z      22000 15938 0.0037027675
2020-12-18T14:33:12.794361600Z      22100 13261 0.0030808383
2020-12-18T14:33:12.794370300Z      22200 14460 0.0033593938
2020-12-18T14:33:12.794376900Z      22300 15831 0.0036779089
2020-12-18T14:33:12.794383500Z      22400 15054 0.0034973938
2020-12-18T14:33:12.794390100Z      22500 15247 0.0035422322
2020-12-18T14:33:12.794396900Z      22600 16800 0.0039030301
2020-12-18T14:33:12.794403500Z      22700 13728 0.0031893332
2020-12-18T14:33:12.794410200Z      22800 14442 0.0033552120
2020-12-18T14:33:12.794416800Z      22900 19247 0.0044715251
2020-12-18T14:33:12.794423600Z      23000 12075 0.0028053029
2020-12-18T14:33:12.794430400Z      23100 15751 0.0036593231
2020-12-18T14:33:12.794437100Z      23200 15380 0.0035731312
2020-12-18T14:33:12.794443900Z      23300 16931 0.0039334645
2020-12-18T14:33:12.794450900Z      23400 16307 0.0037884948
2020-12-18T14:33:12.794457600Z      23500 18557 0.0043112220
2020-12-18T14:33:12.794464300Z      23600 16333 0.0037945352
2020-12-18T14:33:12.794471300Z      23700 14682 0.0034109696
2020-12-18T14:33:12.794478100Z      23800 15318 0.0035587271
2020-12-18T14:33:12.794484800Z      23900 13018 0.0030243837
2020-12-18T14:33:12.794491600Z      24000 15352 0.0035666261
2020-12-18T14:33:12.794499700Z      24100 12216 0.0028380605
2020-12-18T14:33:12.794506700Z      24200 17730 0.0041190907
2020-12-18T14:33:12.794519500Z      24300 16493 0.0038317069
2020-12-18T14:33:12.794526700Z      24400 16584 0.0038528483
2020-12-18T14:33:12.794533500Z      24500 15540 0.0036103029
2020-12-18T14:33:12.794540200Z      24600 10936 0.0025406868
2020-12-18T14:33:12.794546900Z      24700 15087 0.0035050605
2020-12-18T14:33:12.794553600Z      24800 15467 0.0035933433
2020-12-18T14:33:12.794560600Z      24900 16655 0.0038693433
2020-12-18T14:33:12.794567500Z      25000 13128 0.0030499393
2020-12-18T14:33:12.794574400Z      25100 13696 0.0031818989
2020-12-18T14:33:12.794581200Z      25200 16714 0.0038830503
2020-12-18T14:33:12.794588000Z      25300 16625 0.0038623736
2020-12-18T14:33:12.794594900Z      25400 15799 0.0036704746
2020-12-18T14:33:12.794601700Z      25500 15087 0.0035050605
2020-12-18T14:33:12.794608500Z      25600 15301 0.0035547776
2020-12-18T14:33:12.794615300Z      25700 14038 0.0032613534
2020-12-18T14:33:12.794622100Z      25800 11863 0.0027560504
2020-12-18T14:33:12.794628800Z      25900 15885 0.0036904544
2020-12-18T14:33:12.794635600Z      26000 15893 0.0036923130
2020-12-18T14:33:12.794642300Z      26100 16966 0.0039415958
2020-12-18T14:33:12.794650300Z      26200 12875 0.0029911615
2020-12-18T14:33:12.794657300Z      26300 14255 0.0033117675
2020-12-18T14:33:12.794664100Z      26400 18248 0.0042394342
2020-12-18T14:33:12.794671200Z      26500 12903 0.0029976665
2020-12-18T14:33:12.794678000Z      26600 14549 0.0033800706
2020-12-18T14:33:12.794684800Z      26700 18647 0.0043321311
2020-12-18T14:33:12.794691400Z      26800 15427 0.0035840504
2020-12-18T14:33:12.794698200Z      26900 18020 0.0041864645
2020-12-18T14:33:12.794705000Z      27000 13427 0.0031194039
2020-12-18T14:33:12.794711800Z      27100 18994 0.0044127473
2020-12-18T14:33:12.794718500Z      27200 13301 0.0030901312
2020-12-18T14:33:12.794725200Z      27300 16420 0.0038147473
2020-12-18T14:33:12.794732000Z      27400 12939 0.0030060302
2020-12-18T14:33:12.794738800Z      27500 13788 0.0032032726
2020-12-18T14:33:12.794745600Z      27600 14315 0.0033257069
2020-12-18T14:33:12.794752100Z      27700 14344 0.0033324443
2020-12-18T14:33:12.794758800Z      27800 18865 0.0043827776
2020-12-18T14:33:12.794765500Z      27900 15236 0.0035396766
2020-12-18T14:33:12.794772400Z      28000 15058 0.0034983231
2020-12-18T14:33:12.794779100Z      28100 12888 0.0029941817
2020-12-18T14:33:12.794785900Z      28200 16857 0.0039162726
2020-12-18T14:33:12.794792500Z      28300 15100 0.0035080807
2020-12-18T14:33:12.794800400Z      28400 16508 0.0038351918
2020-12-18T14:33:12.794813600Z      28500 15098 0.0035076160
2020-12-18T14:33:12.794820900Z      28600 16474 0.0038272928
2020-12-18T14:33:12.794827800Z      28700 12917 0.0030009191
2020-12-18T14:33:12.794834500Z      28800 15291 0.0035524544
2020-12-18T14:33:12.794841000Z      28900 12144 0.0028213332
2020-12-18T14:33:12.794847700Z      29000 14321 0.0033271009
2020-12-18T14:33:12.794854300Z      29100 16559 0.0038470402
2020-12-18T14:33:12.794861000Z      29200 13858 0.0032195352
2020-12-18T14:33:12.794867700Z      29300 15526 0.0036070504
2020-12-18T14:33:12.794874300Z      29400 16918 0.0039304443
2020-12-18T14:33:12.794880900Z      29500 16952 0.0039383433
2020-12-18T14:33:12.794887600Z      29600 15437 0.0035863736
2020-12-18T14:33:12.794894200Z      29700 12504 0.0029049696
2020-12-18T14:33:12.794900900Z      29800 16140 0.0037496968
2020-12-18T14:33:12.794907600Z      29900 13187 0.0030636463
2020-12-18T14:33:12.794914400Z      30000 12176 0.0028287676
2020-12-18T14:33:12.794921300Z      30100 10289 0.0023903736
2020-12-18T14:33:12.794928000Z      30200 13791 0.0032039696
2020-12-18T14:33:12.794934600Z      30300 12733 0.0029581716
2020-12-18T14:33:12.794941300Z      30400 15434 0.0035856766
2020-12-18T14:33:12.794948000Z      30500 14140 0.0032850504
2020-12-18T14:33:12.794955900Z      30600 15583 0.0036202928
2020-12-18T14:33:12.794962800Z      30700 18363 0.0042661513
2020-12-18T14:33:12.794969400Z      30800 14682 0.0034109696
2020-12-18T14:33:12.794976100Z      30900 12182 0.0028301615
2020-12-18T14:33:12.794982900Z      31000 15945 0.0037043938
2020-12-18T14:33:12.794989700Z      31100 15682 0.0036432928
2020-12-18T14:33:12.794996400Z      31200 18281 0.0042471008
2020-12-18T14:33:12.795003100Z      31300 15723 0.0036528180
2020-12-18T14:33:12.795009800Z      31400 13087 0.0030404140
2020-12-18T14:33:12.795016600Z      31500 13005 0.0030213635
2020-12-18T14:33:12.795023500Z      31600 15988 0.0037143837
2020-12-18T14:33:12.795030300Z      31700 15162 0.0035224847
2020-12-18T14:33:12.795037100Z      31800 13214 0.0030699191
2020-12-18T14:33:12.795043800Z      31900 13357 0.0031031413
2020-12-18T14:33:12.795050600Z      32000 10759 0.0024995656
2020-12-18T14:33:12.795057400Z      32100 13863 0.0032206968
2020-12-18T14:33:12.795064200Z      32200 14722 0.0034202625
2020-12-18T14:33:12.795070900Z      32300 14158 0.0032892322
2020-12-18T14:33:12.795077700Z      32400 14895 0.0034604544
2020-12-18T14:33:12.795084400Z      32500 10062 0.0023376363
2020-12-18T14:33:12.795091200Z      32600 11850 0.0027530302
2020-12-18T14:33:12.795104600Z      32700 11450 0.0026601009
2020-12-18T14:33:12.795112600Z      32800  9852 0.0022888484
2020-12-18T14:33:12.795119600Z 
2020-12-18T14:33:12.795126200Z $care_home_type
2020-12-18T14:33:12.796216900Z  newX[, i]       n      percent
2020-12-18T14:33:12.796241000Z         PC   49227 0.0114365753
2020-12-18T14:33:12.796249900Z         PN   43757 0.0101657673
2020-12-18T14:33:12.796257000Z         PS    2324 0.0005399192
2020-12-18T14:33:12.796263900Z          U 4209040 0.9778577383
2020-12-18T14:33:12.796270700Z 
2020-12-18T14:33:23.098109600Z $lung_cancer
2020-12-18T14:33:23.099428700Z  newX[, i]       n     percent
2020-12-18T14:33:23.099459400Z          0 4280844 0.994539475
2020-12-18T14:33:23.099468200Z          1   23504 0.005460525
2020-12-18T14:33:23.099477200Z 
2020-12-18T14:33:23.099484700Z $haem_cancer
2020-12-18T14:33:23.100726700Z  newX[, i]       n    percent
2020-12-18T14:33:23.100743900Z          0 4244192 0.98602436
2020-12-18T14:33:23.100752100Z          1   60156 0.01397564
2020-12-18T14:33:23.100759100Z 
2020-12-18T14:33:23.100765700Z $other_cancer
2020-12-18T14:33:23.101888300Z  newX[, i]       n   percent
2020-12-18T14:33:23.101904300Z          0 3731292 0.8668658
2020-12-18T14:33:23.101912100Z          1  573056 0.1331342
2020-12-18T14:33:23.101919100Z 
2020-12-18T14:33:23.101925900Z $esrf
2020-12-18T14:33:23.103054000Z  newX[, i]       n     percent
2020-12-18T14:33:23.103067700Z          0 4294742 0.997768303
2020-12-18T14:33:23.103075000Z          1    9606 0.002231697
2020-12-18T14:33:23.103082100Z 
2020-12-18T14:33:23.103088900Z $creatinine_date
2020-12-18T14:33:23.104324900Z  newX[, i]       n   percent
2020-12-18T14:33:23.104340000Z          0 1383695 0.3214645
2020-12-18T14:33:23.104347400Z          1 2920653 0.6785355
2020-12-18T14:33:23.104354300Z 
2020-12-18T14:33:23.104361100Z $diabetes
2020-12-18T14:33:23.105449800Z  newX[, i]       n   percent
2020-12-18T14:33:23.105465900Z          0 3392827 0.7882325
2020-12-18T14:33:23.105473400Z          1  911521 0.2117675
2020-12-18T14:33:23.105480300Z 
2020-12-18T14:33:23.105486900Z $chronic_liver_disease
2020-12-18T14:33:23.106612100Z  newX[, i]       n     percent
2020-12-18T14:33:23.106626000Z          0 4268282 0.991621031
2020-12-18T14:33:23.106633700Z          1   36066 0.008378969
2020-12-18T14:33:23.106640700Z 
2020-12-18T14:33:23.106647600Z $chronic_cardiac_disease
2020-12-18T14:33:23.107801900Z  newX[, i]       n   percent
2020-12-18T14:33:23.107817300Z          0 3444702 0.8002843
2020-12-18T14:33:23.107825100Z          1  859646 0.1997157
2020-12-18T14:33:23.107832200Z 
2020-12-18T14:33:23.107839000Z $chronic_respiratory_disease
2020-12-18T14:33:23.108991000Z  newX[, i]       n  percent
2020-12-18T14:33:23.109009700Z          0 3820608 0.887616
2020-12-18T14:33:23.109017900Z          1  483740 0.112384
2020-12-18T14:33:23.109024800Z 
2020-12-18T14:33:23.109031500Z $stroke
2020-12-18T14:33:23.110215600Z  newX[, i]       n    percent
2020-12-18T14:33:23.110232100Z          0 4017695 0.93340385
2020-12-18T14:33:23.110239600Z          1  286653 0.06659615
2020-12-18T14:33:23.110246400Z 
2020-12-18T14:33:23.110252900Z $dementia
2020-12-18T14:33:23.111383500Z  newX[, i]       n    percent
2020-12-18T14:33:23.111399600Z          0 4257702 0.98916305
2020-12-18T14:33:23.111407200Z          1   46646 0.01083695
2020-12-18T14:33:23.111414300Z 
2020-12-18T14:33:29.233609400Z $ethnicity_cat
2020-12-18T14:33:29.234876700Z               newX[, i]       n     percent
2020-12-18T14:33:29.234892600Z  Asian or British Asian  109809 0.025511181
2020-12-18T14:33:29.234900900Z                   Black   32472 0.007544000
2020-12-18T14:33:29.234908300Z                 Missing 1057953 0.245787051
2020-12-18T14:33:29.234915700Z                   Mixed   11777 0.002736071
2020-12-18T14:33:29.234923100Z                   Other   25818 0.005998121
2020-12-18T14:33:29.234930400Z                   White 3066519 0.712423577
2020-12-18T14:33:29.234938000Z 
2020-12-18T14:33:29.234945200Z $sex
2020-12-18T14:33:29.236034300Z  newX[, i]       n   percent
2020-12-18T14:33:29.236054600Z     Female 2318733 0.5386955
2020-12-18T14:33:29.236063400Z       Male 1985615 0.4613045
2020-12-18T14:33:29.236071100Z 
2020-12-18T14:33:29.236078500Z $rural_urban
2020-12-18T14:33:29.237222700Z  newX[, i]       n     percent
2020-12-18T14:33:29.237237200Z          1  655591 0.152309014
2020-12-18T14:33:29.237245000Z          2  257882 0.059911977
2020-12-18T14:33:29.237252400Z          3 2215643 0.514745323
2020-12-18T14:33:29.237259700Z          4   10787 0.002506071
2020-12-18T14:33:29.237267200Z          5  609623 0.141629580
2020-12-18T14:33:29.237274500Z          6   31791 0.007385788
2020-12-18T14:33:29.237287600Z          7  467147 0.108529097
2020-12-18T14:33:29.237294800Z          8   40779 0.009473909
2020-12-18T14:33:29.237328400Z         -1   15105 0.003509242
2020-12-18T14:33:29.237336000Z 
2020-12-18T14:33:29.237342500Z $region
2020-12-18T14:33:29.238801700Z                 newX[, i]       n      percent valid_percent
2020-12-18T14:33:29.238817200Z                      East 1014029 2.355825e-01    0.23559349
2020-12-18T14:33:29.238824800Z             East Midlands  765922 1.779415e-01    0.17794978
2020-12-18T14:33:29.238831700Z                    London  165233 3.838746e-02    0.03838926
2020-12-18T14:33:29.238838600Z                North East  196318 4.560923e-02    0.04561136
2020-12-18T14:33:29.238845400Z                North West  402456 9.349988e-02    0.09350424
2020-12-18T14:33:29.238852300Z                South East  317509 7.376471e-02    0.07376816
2020-12-18T14:33:29.238859000Z                South West  721945 1.677246e-01    0.16773242
2020-12-18T14:33:29.238865900Z             West Midlands  151870 3.528293e-02    0.03528458
2020-12-18T14:33:29.238872700Z  Yorkshire and The Humber  568865 1.321606e-01    0.13216672
2020-12-18T14:33:29.238879500Z                      <NA>     201 4.669697e-05            NA
2020-12-18T14:33:29.238887100Z 
2020-12-18T14:33:29.238893500Z $imd_cat
2020-12-18T14:33:29.240296300Z  newX[, i]      n     percent valid_percent
2020-12-18T14:33:29.240313600Z          1 857168 0.199140032           0.2
2020-12-18T14:33:29.240321000Z          2 857168 0.199140032           0.2
2020-12-18T14:33:29.240327800Z          3 857168 0.199140032           0.2
2020-12-18T14:33:29.240334600Z          4 857168 0.199140032           0.2
2020-12-18T14:33:29.240341200Z          5 857168 0.199140032           0.2
2020-12-18T14:33:29.240347900Z       <NA>  18508 0.004299838            NA
2020-12-18T14:33:29.240354700Z 
2020-12-18T14:33:29.240361300Z $care_home_cat
2020-12-18T14:33:29.241488300Z             newX[, i]       n      percent
2020-12-18T14:33:29.241503600Z             Care Home   49227 0.0114365753
2020-12-18T14:33:29.241511100Z  Care or Nursing Home    2324 0.0005399192
2020-12-18T14:33:29.241518400Z          Nursing Home   43757 0.0101657673
2020-12-18T14:33:29.241526000Z          Private Home 4209040 0.9778577383
2020-12-18T14:33:29.241552900Z 
2020-12-18T14:33:29.774972700Z     Min.  1st Qu.   Median     Mean  3rd Qu.     Max. 
2020-12-18T14:33:29.775041200Z     0.00     0.00    69.00    58.12    87.00 73000.00 
2020-12-18T14:33:37.930051000Z    Min. 1st Qu.  Median    Mean 3rd Qu.    Max.    NA's 
2020-12-18T14:33:37.930130200Z     0.3    52.6    68.2    66.3    83.1   157.5 1390663 
2020-12-18T14:33:39.592684700Z $ckd_egfr
2020-12-18T14:33:39.594212400Z  newX[, i]       n     percent valid_percent
2020-12-18T14:33:39.594233100Z          1  295347 0.068615967    0.23191536
2020-12-18T14:33:39.594295400Z          2  540703 0.125617864    0.42457629
2020-12-18T14:33:39.594303300Z          3  293036 0.068079068    0.23010070
2020-12-18T14:33:39.594310200Z          4  122671 0.028499322    0.09632497
2020-12-18T14:33:39.594317000Z          5   21755 0.005054192    0.01708268
2020-12-18T14:33:39.594323600Z         NA 3030836 0.704133588            NA
2020-12-18T14:33:39.594330400Z 
2020-12-18T14:33:39.594336900Z $esrf
2020-12-18T14:33:39.595431000Z  newX[, i]       n     percent
2020-12-18T14:33:39.595446600Z          0 4294742 0.997768303
2020-12-18T14:33:39.595454400Z          1    9606 0.002231697
2020-12-18T14:33:39.595461100Z 
2020-12-18T14:33:39.595467800Z $ckd
2020-12-18T14:33:39.596616400Z  newX[, i]       n   percent
2020-12-18T14:33:39.596631900Z          0 3862787 0.8974151
2020-12-18T14:33:39.596639100Z          1  441561 0.1025849
2020-12-18T14:33:39.596645900Z 
2020-12-18T14:33:40.961232700Z  study_population$care_home_type       n      percent
2020-12-18T14:33:40.961296100Z                               PC   49227 0.0114365753
2020-12-18T14:33:40.961304600Z                               PN   43757 0.0101657673
2020-12-18T14:33:40.961311600Z                               PS    2324 0.0005399192
2020-12-18T14:33:40.961318500Z                                U 4209040 0.9778577383
2020-12-18T14:33:41.122368700Z  study_population$care_home       n    percent
2020-12-18T14:33:41.122449400Z                           0 4209040 0.97785774
2020-12-18T14:33:41.122457300Z                           1   95308 0.02214226
2020-12-18T14:33:41.123444300Z  care_home_type       0     1
2020-12-18T14:33:41.123460800Z              PC       0 49227
2020-12-18T14:33:41.123468300Z              PN       0 43757
2020-12-18T14:33:41.123475000Z              PS       0  2324
2020-12-18T14:33:41.123481800Z               U 4209040     0


state: succeeded
commit: 01ad90f4d7745ed5ad2c2cf684b0148a04d2e04f
docker_image_id: sha256:84d831955a5d7fbf5bd842a00968fc34cf0f409be9bec52e024d7de003b4e137
job_id: 7pgelmyv3codp67c
run_by_user: annaschultze
created_at: 2020-12-18T13:29:28Z
started_at: 2020-12-18T14:32:41Z
completed_at: 2020-12-18T14:37:17Z

Completed successfully

outputs:
  data/study_population.csv  - highly_sensitive